abr. 02, 2025 4:36:33 PM liquibase.changelog
INFO: Reading resource: db/changelog/migrations/db.changelog-202503251402.sql
abr. 02, 2025 4:36:33 PM liquibase.changelog
INFO: Reading resource: db/changelog/migrations/db.changelog-202503251554.sql
abr. 02, 2025 4:36:33 PM liquibase.changelog
INFO: Reading resource: db/changelog/migrations/db.changelog-202503251616.sql
abr. 02, 2025 4:36:33 PM liquibase.changelog
INFO: Reading resource: db/changelog/migrations/db.changelog-202503251624.sql
abr. 02, 2025 4:36:33 PM liquibase.changelog
INFO: Reading resource: db/changelog/migrations/db.changelog-202504021614.sql
abr. 02, 2025 4:36:33 PM liquibase.changelog
INFO: Reading from board.databasechangelog
Database is up to date, no changesets to execute
abr. 02, 2025 4:36:33 PM liquibase.changelog
INFO: Reading from board.databasechangelog

UPDATE SUMMARY
Run:                          0
Previously run:               5
Filtered out:                 0
-------------------------------
Total change sets:            5

abr. 02, 2025 4:36:33 PM liquibase.util
INFO: UPDATE SUMMARY
abr. 02, 2025 4:36:33 PM liquibase.util
INFO: Run:                          0
abr. 02, 2025 4:36:33 PM liquibase.util
INFO: Previously run:               5
abr. 02, 2025 4:36:33 PM liquibase.util
INFO: Filtered out:                 0
abr. 02, 2025 4:36:33 PM liquibase.util
INFO: -------------------------------
abr. 02, 2025 4:36:33 PM liquibase.util
INFO: Total change sets:            5
abr. 02, 2025 4:36:33 PM liquibase.util
INFO: Update summary generated
abr. 02, 2025 4:36:33 PM liquibase.command
INFO: Command execution complete
